2020-08-29T12:46:32.480Z | info: Starting the bot.
2020-08-29T12:48:38.919Z | info: OKBOT 
2020-08-29T12:48:39.003Z | info: Úspěšně připojeno k databázi.
2020-08-29T12:48:53.079Z | info: OKBOT 1.0.0
2020-08-29T12:48:53.160Z | info: Úspěšně připojeno k databázi.
2020-08-29T12:49:19.193Z | info: OKBOT 1.0.0
2020-08-29T12:49:19.275Z | info: Úspěšně připojeno k databázi.
2020-08-29T12:49:29.170Z | info: OKBOT 2.0.0
2020-08-29T12:49:29.251Z | info: Úspěšně připojeno k databázi.
2020-08-29T12:50:50.462Z | info: OKBOT 2.0.0
2020-08-29T12:50:50.540Z | info: Úspěšně připojeno k databázi.
2020-08-29T12:50:54.569Z | info: OKBOT 2.0.0
2020-08-29T12:50:54.648Z | info: Úspěšně připojeno k databázi.
2020-08-29T12:50:57.447Z | info: OKBOT 2.0.0
2020-08-29T12:50:57.524Z | info: Úspěšně připojeno k databázi.
2020-08-29T12:51:50.921Z | info: OKBOT 2.0.0
2020-08-29T12:51:50.999Z | info: Úspěšně připojeno k databázi.
2020-08-29T12:52:00.805Z | info: OKBOT 2.0.0
2020-08-29T12:52:00.881Z | info: Úspěšně připojeno k databázi.
2020-08-29T12:52:01.477Z | info: Úspěšně přihlášen na Discord jako RoboSimir#3941
2020-08-29T12:55:24.781Z | info: OKBOT 2.0.0
2020-08-29T12:55:24.863Z | info: Úspěšně připojeno k databázi.
2020-08-29T12:55:25.413Z | info: Úspěšně přihlášen na Discord jako RoboSimir#3941
2020-08-29T12:55:34.629Z | info: OKBOT 2.0.0
2020-08-29T12:55:34.706Z | info: Úspěšně připojeno k databázi.
2020-08-29T12:55:35.263Z | info: Úspěšně přihlášen na Discord jako RoboSimir#3941
2020-08-29T12:56:01.809Z | info: OKBOT 2.0.0
2020-08-29T12:56:01.885Z | info: Úspěšně připojeno k databázi.
2020-08-29T12:56:02.516Z | info: Úspěšně přihlášen na Discord jako RoboSimir#3941
2020-08-29T12:56:08.133Z | info: OKBOT 2.0.0
2020-08-29T12:56:08.212Z | info: Úspěšně připojeno k databázi.
2020-08-29T12:56:08.742Z | info: Úspěšně přihlášen na Discord jako RoboSimir#3941
2020-08-29T12:56:15.677Z | info: OKBOT 2.0.0
2020-08-29T12:56:15.752Z | info: Úspěšně připojeno k databázi.
2020-08-29T12:56:16.334Z | info: Úspěšně přihlášen na Discord jako RoboSimir#3941
2020-08-29T13:01:57.722Z | info: OKBOT 2.0.0
2020-08-29T13:01:57.795Z | info: Úspěšně připojeno k databázi.
2020-08-29T13:01:58.391Z | info: Úspěšně přihlášen na Discord jako RoboSimir#3941
2020-08-29T13:02:22.478Z | info: OKBOT 2.0.0
2020-08-29T13:02:22.554Z | info: Úspěšně připojeno k databázi.
2020-08-29T13:02:23.138Z | info: Úspěšně přihlášen na Discord jako RoboSimir#3941
2020-08-29T13:03:19.523Z | info: OKBOT 2.0.0
2020-08-29T13:03:19.600Z | info: Úspěšně připojeno k databázi.
2020-08-29T13:03:20.162Z | info: Úspěšně přihlášen na Discord jako RoboSimir#3941
2020-08-29T13:03:23.499Z | info: OKBOT 2.0.0
2020-08-29T13:03:23.577Z | info: Úspěšně připojeno k databázi.
2020-08-29T13:03:30.444Z | info: Úspěšně přihlášen na Discord jako RoboSimir#3941
2020-08-29T13:03:54.865Z | info: OKBOT 2.0.0
2020-08-29T13:03:54.947Z | info: Úspěšně připojeno k databázi.
2020-08-29T13:03:55.596Z | info: Úspěšně přihlášen na Discord jako RoboSimir#3941
2020-08-29T13:03:57.952Z | info: OKBOT 2.0.0
2020-08-29T13:03:58.026Z | info: Úspěšně připojeno k databázi.
2020-08-29T13:04:04.036Z | info: OKBOT 2.0.0
2020-08-29T13:04:04.118Z | info: Úspěšně připojeno k databázi.
2020-08-29T13:04:04.761Z | info: Úspěšně přihlášen na Discord jako RoboSimir#3941
2020-08-29T13:04:11.205Z | info: OKBOT 2.0.0
2020-08-29T13:04:11.282Z | info: Úspěšně připojeno k databázi.
2020-08-29T13:04:11.836Z | info: Úspěšně přihlášen na Discord jako RoboSimir#3941
2020-08-29T13:04:22.439Z | info: OKBOT 2.0.0
2020-08-29T13:04:22.524Z | info: Úspěšně připojeno k databázi.
2020-08-29T13:04:23.098Z | info: Úspěšně přihlášen na Discord jako RoboSimir#3941
2020-08-29T13:05:13.611Z | info: OKBOT 2.0.0
2020-08-29T13:05:13.689Z | info: Úspěšně připojeno k databázi.
2020-08-29T13:05:14.301Z | info: Úspěšně přihlášen na Discord jako RoboSimir#3941
2020-08-29T13:08:06.378Z | info: OKBOT 2.0.0
2020-08-29T13:08:06.453Z | info: Úspěšně připojeno k databázi.
2020-08-29T13:08:07.007Z | info: Úspěšně přihlášen na Discord jako RoboSimir#3941
2020-08-29T13:09:09.327Z | info: OKBOT 2.0.0
2020-08-29T13:09:09.402Z | info: Úspěšně připojeno k databázi.
2020-08-29T13:09:09.989Z | info: Úspěšně přihlášen na Discord jako RoboSimir#3941
2020-08-29T13:20:45.094Z | info: OKBOT 2.0.0
2020-08-29T13:20:45.173Z | info: Úspěšně připojeno k databázi.
2020-08-29T13:20:45.747Z | info: Úspěšně přihlášen na Discord jako RoboSimir#3941
2020-08-29T13:22:21.786Z | info: OKBOT 2.0.0
2020-08-29T13:22:21.866Z | info: Úspěšně připojeno k databázi.
2020-08-29T13:22:22.444Z | info: Úspěšně přihlášen na Discord jako RoboSimir#3941
2020-08-29T13:22:42.010Z | info: OKBOT 2.0.0
2020-08-29T13:22:42.092Z | info: Úspěšně připojeno k databázi.
2020-08-29T13:22:42.689Z | info: Úspěšně přihlášen na Discord jako RoboSimir#3941
2020-08-29T13:23:05.307Z | info: OKBOT 2.0.0
2020-08-29T13:23:05.383Z | info: Úspěšně připojeno k databázi.
2020-08-29T13:23:05.936Z | info: Úspěšně přihlášen na Discord jako RoboSimir#3941
2020-08-29T13:23:28.989Z | info: OKBOT 2.0.0
2020-08-29T13:23:29.069Z | info: Úspěšně připojeno k databázi.
2020-08-29T13:23:29.634Z | info: Úspěšně přihlášen na Discord jako RoboSimir#3941
2020-08-29T13:40:26.925Z | info: OKBOT 2.0.0
2020-08-29T13:40:27.003Z | info: Úspěšně připojeno k databázi.
2020-08-29T13:40:32.660Z | info: Úspěšně přihlášen na Discord jako RoboSimir#3941
2020-08-29T13:42:27.598Z | info: OKBOT 2.0.0
2020-08-29T13:42:27.675Z | info: Úspěšně připojeno k databázi.
2020-08-29T13:42:28.316Z | info: Úspěšně přihlášen na Discord jako RoboSimir#3941
2020-08-29T13:45:10.014Z | info: OKBOT 2.0.0
2020-08-29T13:45:10.095Z | info: Úspěšně připojeno k databázi.
2020-08-29T13:45:10.677Z | info: Úspěšně přihlášen na Discord jako RoboSimir#3941
2020-08-29T13:45:38.274Z | info: OKBOT 2.0.0
2020-08-29T13:45:38.358Z | info: Úspěšně připojeno k databázi.
2020-08-29T13:45:38.894Z | info: Úspěšně přihlášen na Discord jako RoboSimir#3941
2020-08-29T13:46:19.305Z | info: OKBOT 2.0.0
2020-08-29T13:46:19.383Z | info: Úspěšně připojeno k databázi.
2020-08-29T13:46:19.961Z | info: Úspěšně přihlášen na Discord jako RoboSimir#3941
2020-08-29T13:47:18.342Z | info: OKBOT 2.0.0
2020-08-29T13:47:18.430Z | info: Úspěšně připojeno k databázi.
2020-08-29T13:47:19.098Z | info: Úspěšně přihlášen na Discord jako RoboSimir#3941
2020-08-29T13:48:09.621Z | info: OKBOT 2.0.0
2020-08-29T13:48:09.700Z | info: Úspěšně připojeno k databázi.
2020-08-29T13:48:10.254Z | info: Úspěšně přihlášen na Discord jako RoboSimir#3941
2020-08-29T13:48:35.721Z | info: OKBOT 2.0.0
2020-08-29T13:48:35.801Z | info: Úspěšně připojeno k databázi.
2020-08-29T13:48:36.391Z | info: Úspěšně přihlášen na Discord jako RoboSimir#3941
2020-08-29T13:59:14.483Z | info: OKBOT 2.0.0
2020-08-29T13:59:14.565Z | info: Úspěšně připojeno k databázi.
2020-08-29T13:59:15.169Z | info: Úspěšně přihlášen na Discord jako RoboSimir#3941
2020-08-29T13:59:34.729Z | info: OKBOT 2.0.0
2020-08-29T13:59:34.810Z | info: Úspěšně připojeno k databázi.
2020-08-29T13:59:35.382Z | info: Úspěšně přihlášen na Discord jako RoboSimir#3941
2020-08-29T14:08:33.710Z | info: OKBOT 2.0.0
2020-08-29T14:08:33.785Z | info: Úspěšně připojeno k databázi.
2020-08-29T14:08:34.417Z | info: Úspěšně přihlášen na Discord jako RoboSimir#3941
2020-08-29T14:08:54.499Z | info: OKBOT 2.0.0
2020-08-29T14:08:54.583Z | info: Úspěšně připojeno k databázi.
2020-08-29T14:08:55.268Z | info: Úspěšně přihlášen na Discord jako RoboSimir#3941
2020-08-29T14:09:39.166Z | info: OKBOT 2.0.0
2020-08-29T14:09:39.252Z | info: Úspěšně připojeno k databázi.
2020-08-29T14:09:40.005Z | info: Úspěšně přihlášen na Discord jako RoboSimir#3941
2020-08-29T14:12:46.096Z | info: OKBOT 2.0.0
2020-08-29T14:12:46.191Z | info: Úspěšně připojeno k databázi.
2020-08-29T14:12:46.824Z | info: Úspěšně přihlášen na Discord jako RoboSimir#3941
2020-08-29T14:13:45.051Z | info: OKBOT 2.0.0
2020-08-29T14:13:45.126Z | info: Úspěšně připojeno k databázi.
2020-08-29T14:13:45.674Z | info: Úspěšně přihlášen na Discord jako RoboSimir#3941
2020-08-29T14:15:47.751Z | info: OKBOT 2.0.0
2020-08-29T14:15:47.828Z | info: Úspěšně připojeno k databázi.
2020-08-29T14:15:48.544Z | info: Úspěšně přihlášen na Discord jako RoboSimir#3941
2020-08-29T14:16:57.123Z | info: OKBOT 2.0.0
2020-08-29T14:16:57.205Z | info: Úspěšně připojeno k databázi.
2020-08-29T14:16:57.830Z | info: Úspěšně přihlášen na Discord jako RoboSimir#3941
2020-08-29T14:17:06.698Z | info: OKBOT 2.0.0
2020-08-29T14:17:06.779Z | info: Úspěšně připojeno k databázi.
2020-08-29T14:17:07.463Z | info: Úspěšně přihlášen na Discord jako RoboSimir#3941
2020-08-29T14:18:23.880Z | info: OKBOT 2.0.0
2020-08-29T14:18:23.956Z | info: Úspěšně připojeno k databázi.
2020-08-29T14:18:24.793Z | info: Úspěšně přihlášen na Discord jako RoboSimir#3941
2020-08-29T14:20:17.845Z | info: OKBOT 2.0.0
2020-08-29T14:20:17.924Z | info: Úspěšně připojeno k databázi.
2020-08-29T14:20:18.486Z | info: Úspěšně přihlášen na Discord jako RoboSimir#3941
2020-08-29T14:21:50.443Z | info: OKBOT 2.0.0
2020-08-29T14:21:50.521Z | info: Úspěšně připojeno k databázi.
2020-08-29T14:21:51.118Z | info: Úspěšně přihlášen na Discord jako RoboSimir#3941
2020-08-29T14:22:14.107Z | info: OKBOT 2.0.0
2020-08-29T14:22:14.183Z | info: Úspěšně připojeno k databázi.
2020-08-29T14:22:15.037Z | info: Úspěšně přihlášen na Discord jako RoboSimir#3941
2020-08-29T14:22:26.602Z | info: OKBOT 2.0.0
2020-08-29T14:22:26.682Z | info: Úspěšně připojeno k databázi.
2020-08-29T14:22:27.265Z | info: Úspěšně přihlášen na Discord jako RoboSimir#3941
2020-08-29T14:22:31.986Z | info: OKBOT 2.0.0
2020-08-29T14:22:32.068Z | info: Úspěšně připojeno k databázi.
2020-08-29T14:22:32.670Z | info: Úspěšně přihlášen na Discord jako RoboSimir#3941
2020-08-29T14:22:40.523Z | info: OKBOT 2.0.0
2020-08-29T14:22:40.604Z | info: Úspěšně připojeno k databázi.
2020-08-29T14:22:41.215Z | info: Úspěšně přihlášen na Discord jako RoboSimir#3941
2020-08-29T14:23:47.990Z | info: OKBOT 2.0.0
2020-08-29T14:23:48.071Z | info: Úspěšně připojeno k databázi.
2020-08-29T14:23:48.740Z | info: Úspěšně přihlášen na Discord jako RoboSimir#3941
2020-08-29T14:23:51.511Z | info: OKBOT 2.0.0
2020-08-29T14:23:51.588Z | info: Úspěšně připojeno k databázi.
2020-08-29T14:23:55.043Z | info: OKBOT 2.0.0
2020-08-29T14:23:55.125Z | info: Úspěšně připojeno k databázi.
2020-08-29T14:23:55.706Z | info: Úspěšně přihlášen na Discord jako RoboSimir#3941
2020-08-29T14:29:36.784Z | info: OKBOT 2.0.0
2020-08-29T14:29:36.867Z | info: Úspěšně připojeno k databázi.
2020-08-29T14:29:37.464Z | info: Úspěšně přihlášen na Discord jako RoboSimir#3941
2020-08-29T14:29:53.547Z | info: OKBOT 2.0.0
2020-08-29T14:29:53.633Z | info: Úspěšně připojeno k databázi.
2020-08-29T14:29:54.290Z | info: Úspěšně přihlášen na Discord jako RoboSimir#3941
2020-08-29T14:30:34.681Z | info: OKBOT 2.0.0
2020-08-29T14:30:34.763Z | info: Úspěšně připojeno k databázi.
2020-08-29T14:30:35.326Z | info: Úspěšně přihlášen na Discord jako RoboSimir#3941
2020-08-29T14:30:37.193Z | error: Stala se chyba.
2020-08-29T14:30:48.567Z | info: OKBOT 2.0.0
2020-08-29T14:30:48.645Z | info: Úspěšně připojeno k databázi.
2020-08-29T14:30:49.230Z | info: Úspěšně přihlášen na Discord jako RoboSimir#3941
2020-08-29T14:30:58.928Z | info: OKBOT 2.0.0
2020-08-29T14:30:59.016Z | info: Úspěšně připojeno k databázi.
2020-08-29T14:30:59.554Z | info: Úspěšně přihlášen na Discord jako RoboSimir#3941
2020-08-29T14:31:22.428Z | info: OKBOT 2.0.0
2020-08-29T14:31:22.503Z | info: Úspěšně připojeno k databázi.
2020-08-29T14:31:23.196Z | info: Úspěšně přihlášen na Discord jako RoboSimir#3941
2020-08-29T14:31:37.185Z | info: OKBOT 2.0.0
2020-08-29T14:31:37.266Z | info: Úspěšně připojeno k databázi.
2020-08-29T14:31:37.855Z | info: Úspěšně přihlášen na Discord jako RoboSimir#3941
2020-08-29T14:32:10.882Z | info: OKBOT 2.0.0
2020-08-29T14:32:10.962Z | info: Úspěšně připojeno k databázi.
2020-08-29T14:32:11.521Z | info: Úspěšně přihlášen na Discord jako RoboSimir#3941
2020-08-29T14:32:30.842Z | info: OKBOT 2.0.0
2020-08-29T14:32:30.928Z | info: Úspěšně připojeno k databázi.
2020-08-29T14:32:31.504Z | info: Úspěšně přihlášen na Discord jako RoboSimir#3941
2020-08-29T14:32:41.689Z | info: OKBOT 2.0.0
2020-08-29T14:32:41.774Z | info: Úspěšně připojeno k databázi.
2020-08-29T14:32:42.315Z | info: Úspěšně přihlášen na Discord jako RoboSimir#3941
2020-08-29T14:32:53.563Z | info: OKBOT 2.0.0
2020-08-29T14:32:53.638Z | info: Úspěšně připojeno k databázi.
2020-08-29T14:32:54.206Z | info: Úspěšně přihlášen na Discord jako RoboSimir#3941
2020-08-29T14:33:12.666Z | info: OKBOT 2.0.0
2020-08-29T14:33:12.752Z | info: Úspěšně připojeno k databázi.
2020-08-29T14:33:13.384Z | info: Úspěšně přihlášen na Discord jako RoboSimir#3941
2020-08-29T14:33:36.119Z | info: OKBOT 2.0.0
2020-08-29T14:33:36.199Z | info: Úspěšně připojeno k databázi.
2020-08-29T14:33:36.928Z | info: Úspěšně přihlášen na Discord jako RoboSimir#3941
2020-08-29T14:33:46.570Z | info: OKBOT 2.0.0
2020-08-29T14:33:46.649Z | info: Úspěšně připojeno k databázi.
2020-08-29T14:33:47.228Z | info: Úspěšně přihlášen na Discord jako RoboSimir#3941
2020-08-29T14:34:17.767Z | info: OKBOT 2.0.0
2020-08-29T14:34:17.849Z | info: Úspěšně připojeno k databázi.
2020-08-29T14:34:18.626Z | info: Úspěšně přihlášen na Discord jako RoboSimir#3941
2020-08-29T14:34:25.496Z | info: OKBOT 2.0.0
2020-08-29T14:34:25.578Z | info: Úspěšně připojeno k databázi.
2020-08-29T14:34:26.298Z | info: Úspěšně přihlášen na Discord jako RoboSimir#3941
2020-08-29T14:34:53.587Z | info: OKBOT 2.0.0
2020-08-29T14:34:53.673Z | info: Úspěšně připojeno k databázi.
2020-08-29T14:34:56.076Z | info: OKBOT 2.0.0
2020-08-29T14:34:56.157Z | info: Úspěšně připojeno k databázi.
2020-08-29T14:35:04.647Z | info: Úspěšně přihlášen na Discord jako RoboSimir#3941
2020-08-29T14:35:45.068Z | info: OKBOT 2.0.0
2020-08-29T14:35:45.150Z | info: Úspěšně připojeno k databázi.
2020-08-29T14:35:45.713Z | info: Úspěšně přihlášen na Discord jako RoboSimir#3941
2020-08-29T14:36:56.795Z | info: OKBOT 2.0.0
2020-08-29T14:36:56.875Z | info: Úspěšně připojeno k databázi.
2020-08-29T14:36:57.456Z | info: Úspěšně přihlášen na Discord jako RoboSimir#3941
2020-08-29T14:38:41.190Z | info: OKBOT 2.0.0
2020-08-29T14:38:41.272Z | info: Úspěšně připojeno k databázi.
2020-08-29T14:38:41.860Z | info: Úspěšně přihlášen na Discord jako RoboSimir#3941
2020-08-29T14:39:18.347Z | info: OKBOT 2.0.0
2020-08-29T14:39:18.431Z | info: Úspěšně připojeno k databázi.
2020-08-29T14:39:19.142Z | info: Úspěšně přihlášen na Discord jako RoboSimir#3941
2020-08-29T14:40:43.258Z | info: OKBOT 2.0.0
2020-08-29T14:40:43.335Z | info: Úspěšně připojeno k databázi.
2020-08-29T14:40:43.965Z | info: Úspěšně přihlášen na Discord jako RoboSimir#3941
2020-08-29T14:40:48.414Z | info: OKBOT 2.0.0
2020-08-29T14:40:48.494Z | info: Úspěšně připojeno k databázi.
2020-08-29T14:40:49.063Z | info: Úspěšně přihlášen na Discord jako RoboSimir#3941
2020-08-29T14:40:59.192Z | info: OKBOT 2.0.0
2020-08-29T14:40:59.276Z | info: Úspěšně připojeno k databázi.
2020-08-29T14:40:59.204Z | info: OKBOT 2.0.0
2020-08-29T14:40:59.292Z | info: Úspěšně připojeno k databázi.
2020-08-29T14:40:59.815Z | info: Úspěšně přihlášen na Discord jako RoboSimir#3941
2020-08-29T14:41:10.180Z | info: Úspěšně přihlášen na Discord jako RoboSimir#3941
2020-08-29T14:41:35.236Z | info: OKBOT 2.0.0
2020-08-29T14:41:35.329Z | info: Úspěšně připojeno k databázi.
2020-08-29T14:41:35.313Z | info: OKBOT 2.0.0
2020-08-29T14:41:35.410Z | info: Úspěšně připojeno k databázi.
2020-08-29T14:41:35.864Z | info: Úspěšně přihlášen na Discord jako RoboSimir#3941
2020-08-29T14:41:51.673Z | info: OKBOT 2.0.0
2020-08-29T14:41:51.681Z | info: OKBOT 2.0.0
2020-08-29T14:41:51.763Z | info: Úspěšně připojeno k databázi.
2020-08-29T14:41:51.767Z | info: Úspěšně připojeno k databázi.
2020-08-29T14:41:52.384Z | info: Úspěšně přihlášen na Discord jako RoboSimir#3941
2020-08-29T14:42:02.647Z | info: Úspěšně přihlášen na Discord jako RoboSimir#3941
2020-08-29T14:44:24.542Z | info: OKBOT 2.0.0
2020-08-29T14:44:24.625Z | info: Úspěšně připojeno k databázi.
2020-08-29T14:44:24.575Z | info: OKBOT 2.0.0
2020-08-29T14:44:24.665Z | info: Úspěšně připojeno k databázi.
2020-08-29T14:44:25.204Z | info: Úspěšně přihlášen na Discord jako RoboSimir#3941
2020-08-29T14:44:35.529Z | info: Úspěšně přihlášen na Discord jako RoboSimir#3941
2020-08-29T14:44:43.162Z | info: OKBOT 2.0.0
2020-08-29T14:44:43.243Z | info: Úspěšně připojeno k databázi.
2020-08-29T14:44:43.167Z | info: OKBOT 2.0.0
2020-08-29T14:44:43.254Z | info: Úspěšně připojeno k databázi.
2020-08-29T14:44:43.810Z | info: Úspěšně přihlášen na Discord jako RoboSimir#3941
2020-08-29T14:44:54.119Z | info: Úspěšně přihlášen na Discord jako RoboSimir#3941
2020-08-29T14:45:24.011Z | info: OKBOT 2.0.0
2020-08-29T14:45:24.095Z | info: Úspěšně připojeno k databázi.
2020-08-29T14:45:24.084Z | info: OKBOT 2.0.0
2020-08-29T14:45:24.177Z | info: Úspěšně připojeno k databázi.
2020-08-29T14:45:24.740Z | info: Úspěšně přihlášen na Discord jako RoboSimir#3941
2020-08-29T14:45:35.120Z | info: Úspěšně přihlášen na Discord jako RoboSimir#3941
2020-08-29T14:48:41.642Z | info: OKBOT 2.0.0
2020-08-29T14:48:41.728Z | info: Úspěšně připojeno k databázi.
2020-08-29T14:48:41.654Z | info: OKBOT 2.0.0
2020-08-29T14:48:41.745Z | info: Úspěšně připojeno k databázi.
2020-08-29T14:48:42.308Z | info: Úspěšně přihlášen na Discord jako RoboSimir#3941
2020-08-29T14:48:52.578Z | info: Úspěšně přihlášen na Discord jako RoboSimir#3941
2020-08-29T14:49:03.984Z | info: OKBOT 2.0.0
2020-08-29T14:49:04.076Z | info: Úspěšně připojeno k databázi.
2020-08-29T14:49:03.999Z | info: OKBOT 2.0.0
2020-08-29T14:49:04.087Z | info: Úspěšně připojeno k databázi.
2020-08-29T14:49:04.642Z | info: Úspěšně přihlášen na Discord jako RoboSimir#3941
2020-08-29T14:49:14.887Z | info: Úspěšně přihlášen na Discord jako RoboSimir#3941
2020-08-29T14:50:02.212Z | info: OKBOT 2.0.0
2020-08-29T14:50:02.292Z | info: Úspěšně připojeno k databázi.
2020-08-29T14:50:02.965Z | info: Úspěšně přihlášen na Discord jako RoboSimir#3941
2020-08-29T14:50:23.695Z | info: OKBOT 2.0.0
2020-08-29T14:50:23.773Z | info: Úspěšně připojeno k databázi.
2020-08-29T14:50:24.456Z | info: Úspěšně přihlášen na Discord jako RoboSimir#3941
2020-08-29T14:51:02.207Z | info: OKBOT 2.0.0
2020-08-29T14:51:02.286Z | info: Úspěšně připojeno k databázi.
2020-08-29T14:51:02.889Z | info: Úspěšně přihlášen na Discord jako RoboSimir#3941
2020-08-29T14:51:38.856Z | info: OKBOT 2.0.0
2020-08-29T14:51:38.935Z | info: Úspěšně připojeno k databázi.
2020-08-29T14:51:39.531Z | info: Úspěšně přihlášen na Discord jako RoboSimir#3941
2020-08-29T14:52:10.559Z | info: OKBOT 2.0.0
2020-08-29T14:52:10.635Z | info: Úspěšně připojeno k databázi.
2020-08-29T14:52:11.200Z | info: Úspěšně přihlášen na Discord jako RoboSimir#3941
2020-08-29T14:53:12.595Z | info: OKBOT 2.0.0
2020-08-29T14:53:12.682Z | info: Úspěšně připojeno k databázi.
2020-08-29T14:53:13.248Z | info: Úspěšně přihlášen na Discord jako RoboSimir#3941
2020-08-29T14:53:56.992Z | info: OKBOT 2.0.0
2020-08-29T14:53:57.082Z | info: Úspěšně připojeno k databázi.
